<?xml version="1.0" encoding="UTF-8"?>
<testsuite xmlns:xsi="http://www.w3.org/2001/XMLSchema-instance" xsi:noNamespaceSchemaLocation="https://maven.apache.org/surefire/maven-surefire-plugin/xsd/surefire-test-report.xsd" name="com.mycompany.app.AppTest" time="0.02" tests="1" errors="0" skipped="0" failures="0">
  <properties>
    <property name="java.specification.version" value="18"/>
    <property name="sun.jnu.encoding" value="UTF-8"/>
    <property name="java.class.path" value="/home/thehunter101/Documentos/Developer - Software/Java/Proyecto 1/my-app/target/test-classes:/home/thehunter101/Documentos/Developer - Software/Java/Proyecto 1/my-app/target/classes:/home/thehunter101/.m2/repository/junit/junit/4.11/junit-4.11.jar:/home/thehunter101/.m2/repository/org/hamcrest/hamcrest-core/1.3/hamcrest-core-1.3.jar:"/>
    <property name="java.vm.vendor" value="Oracle Corporation"/>
    <property name="sun.arch.data.model" value="64"/>
    <property name="java.vendor.url" value="https://openjdk.java.net/"/>
    <property name="os.name" value="Linux"/>
    <property name="java.vm.specification.version" value="18"/>
    <property name="sun.java.launcher" value="SUN_STANDARD"/>
    <property name="user.country" value="EC"/>
    <property name="sun.boot.library.path" value="/usr/lib/jvm/java-18-openjdk/lib"/>
    <property name="sun.java.command" value="/home/thehunter101/Documentos/Developer - Software/Java/Proyecto 1/my-app/target/surefire/surefirebooter17611178924266833649.jar /home/thehunter101/Documentos/Developer - Software/Java/Proyecto 1/my-app/target/surefire 2022-09-23T11-45-42_641-jvmRun1 surefire225460974782436860tmp surefire_01548293533397243418tmp"/>
    <property name="jdk.debug" value="release"/>
    <property name="surefire.test.class.path" value="/home/thehunter101/Documentos/Developer - Software/Java/Proyecto 1/my-app/target/test-classes:/home/thehunter101/Documentos/Developer - Software/Java/Proyecto 1/my-app/target/classes:/home/thehunter101/.m2/repository/junit/junit/4.11/junit-4.11.jar:/home/thehunter101/.m2/repository/org/hamcrest/hamcrest-core/1.3/hamcrest-core-1.3.jar:"/>
    <property name="sun.cpu.endian" value="little"/>
    <property name="user.home" value="/home/thehunter101"/>
    <property name="user.language" value="es"/>
    <property name="java.specification.vendor" value="Oracle Corporation"/>
    <property name="java.version.date" value="2022-07-19"/>
    <property name="java.home" value="/usr/lib/jvm/java-18-openjdk"/>
    <property name="file.separator" value="/"/>
    <property name="basedir" value="/home/thehunter101/Documentos/Developer - Software/Java/Proyecto 1/my-app"/>
    <property name="java.vm.compressedOopsMode" value="32-bit"/>
    <property name="line.separator" value="&#10;"/>
    <property name="java.vm.specification.vendor" value="Oracle Corporation"/>
    <property name="java.specification.name" value="Java Platform API Specification"/>
    <property name="surefire.real.class.path" value="/home/thehunter101/Documentos/Developer - Software/Java/Proyecto 1/my-app/target/surefire/surefirebooter17611178924266833649.jar"/>
    <property name="sun.management.compiler" value="HotSpot 64-Bit Tiered Compilers"/>
    <property name="java.runtime.version" value="18.0.2+0"/>
    <property name="user.name" value="thehunter101"/>
    <property name="path.separator" value=":"/>
    <property name="os.version" value="5.19.9-zen1-1-zen"/>
    <property name="java.runtime.name" value="OpenJDK Runtime Environment"/>
    <property name="file.encoding" value="UTF-8"/>
    <property name="java.vm.name" value="OpenJDK 64-Bit Server VM"/>
    <property name="localRepository" value="/home/thehunter101/.m2/repository"/>
    <property name="java.vendor.url.bug" value="https://bugreport.java.com/bugreport/"/>
    <property name="java.io.tmpdir" value="/tmp"/>
    <property name="java.version" value="18.0.2"/>
    <property name="user.dir" value="/home/thehunter101/Documentos/Developer - Software/Java/Proyecto 1/my-app"/>
    <property name="os.arch" value="amd64"/>
    <property name="java.vm.specification.name" value="Java Virtual Machine Specification"/>
    <property name="native.encoding" value="UTF-8"/>
    <property name="java.library.path" value="/usr/java/packages/lib:/usr/lib64:/lib64:/lib:/usr/lib"/>
    <property name="java.vm.info" value="mixed mode"/>
    <property name="java.vendor" value="N/A"/>
    <property name="java.vm.version" value="18.0.2+0"/>
    <property name="sun.io.unicode.encoding" value="UnicodeLittle"/>
    <property name="java.class.version" value="62.0"/>
  </properties>
  <testcase name="shouldAnswerWithTrue" classname="com.mycompany.app.AppTest" time="0.003"/>
</testsuite>